[2024-10-13T16:50:29.826] [TRACE] rest       テスト
[2024-10-13T16:50:29.827] [INFO ] rest       テスト
[2024-10-13T16:50:29.827] [DEBUG] rest       テスト
[2024-10-13T16:50:29.828] [FATAL] rest       テスト
[2024-10-13T16:50:29.828] [ERROR] rest       テスト
[2024-10-13T16:50:29.828] [WARN ] rest       テスト
[2024-10-13T16:51:05.670] [TRACE] rest       テスト
[2024-10-13T16:51:05.671] [INFO ] rest       テスト
[2024-10-13T16:51:05.671] [DEBUG] rest       テスト
[2024-10-13T16:51:05.671] [FATAL] rest       テスト
[2024-10-13T16:51:05.671] [ERROR] rest       テスト
[2024-10-13T16:51:05.671] [WARN ] rest       テスト
[2024-10-13T16:51:57.929] [TRACE] socket     テスト
[2024-10-13T16:51:57.931] [TRACE] websocket  テスト
[2024-10-13T16:51:57.930] [INFO ] socket     テスト
[2024-10-13T16:51:57.931] [INFO ] websocket  テスト
[2024-10-13T16:51:57.930] [DEBUG] socket     テスト
[2024-10-13T16:51:57.931] [DEBUG] websocket  テスト
[2024-10-13T16:51:57.930] [FATAL] socket     テスト
[2024-10-13T16:51:57.932] [FATAL] websocket  テスト
[2024-10-13T16:51:57.931] [ERROR] socket     テスト
[2024-10-13T16:51:57.932] [ERROR] websocket  テスト
[2024-10-13T16:51:57.931] [WARN ] socket     テスト
[2024-10-13T16:51:57.932] [WARN ] websocket  テスト
[2024-10-13T16:51:57.931] [TRACE] socket     テスト
[2024-10-13T16:51:57.931] [INFO ] socket     テスト
[2024-10-13T16:51:57.931] [DEBUG] socket     テスト
[2024-10-13T16:51:57.931] [FATAL] socket     テスト
[2024-10-13T16:51:57.931] [ERROR] socket     テスト
[2024-10-13T16:51:57.931] [WARN ] socket     テスト
